
**** Build of configuration Nios II for project FPU ****

make all 
      1 [main] sh 4316 find_fast_cwd: WARNING: Couldn't compute FAST_CWD pointer.  Please report this problem to
the public mailing list cygwin@cygwin.com
      1 [main] sh 13020 find_fast_cwd: WARNING: Couldn't compute FAST_CWD pointer.  Please report this problem to
the public mailing list cygwin@cygwin.com
      1 [main] echo 12956 find_fast_cwd: WARNING: Couldn't compute FAST_CWD pointer.  Please report this problem to
Info: Building ../FPU_bsp/
the public mailing list cygwin@cygwin.com
make --no-print-directory -C ../FPU_bsp/
      1 [main] pwd 15112 find_fast_cwd: WARNING: Couldn't compute FAST_CWD pointer.  Please report this problem to
the public mailing list cygwin@cygwin.com
      1 [main] sh 16588 find_fast_cwd: WARNING: Couldn't compute FAST_CWD pointer.  Please report this problem to
the public mailing list cygwin@cygwin.com
      1 [main] sh 16000 find_fast_cwd: WARNING: Couldn't compute FAST_CWD pointer.  Please report this problem to
the public mailing list cygwin@cygwin.com
[BSP build complete]
      1 [main] echo 11992 find_fast_cwd: WARNING: Couldn't compute FAST_CWD pointer.  Please report this problem to
the public mailing list cygwin@cygwin.com
Info: Compiling source.c to obj/default/source.o
      1 [main] mkdir 17752 find_fast_cwd: WARNING: Couldn't compute FAST_CWD pointer.  Please report this problem to
nios2-elf-gcc -xc -MP -MMD -c -I../FPU_bsp//HAL/inc -I../FPU_bsp/ -I../FPU_bsp//drivers/inc  -DSYSTEM_BUS_WIDTH=32 -pipe -D__hal__ -DALT_NO_INSTRUCTION_EMULATION -DALT_USE_SMALL_DRIVERS -DSMALL_C_LIB -DALT_SINGLE_THREADED    -O0 -g -Wall   -EL -mno-hw-div -mno-hw-mul -mno-hw-mulx  -o obj/default/source.o source.c
the public mailing list cygwin@cygwin.com
      1 [main] true 11932 find_fast_cwd: WARNING: Couldn't compute FAST_CWD pointer.  Please report this problem to
the public mailing list cygwin@cygwin.com
      1 [main] echo 17028 find_fast_cwd: WARNING: Couldn't compute FAST_CWD pointer.  Please report this problem to
Info: Linking FPU.elf
the public mailing list cygwin@cygwin.com
nios2-elf-g++  -T'../FPU_bsp//linker.x' -msys-crt0='../FPU_bsp//obj/HAL/src/crt0.o' -msys-lib=hal_bsp -L../FPU_bsp/  -msmallc  -Wl,-Map=FPU.map   -O0 -g -Wall   -EL -mno-hw-div -mno-hw-mul -mno-hw-mulx  -o FPU.elf obj/default/source.o -lm 
nios2-elf-insert FPU.elf --thread_model hal --cpu_name nios2_qsys_0 --qsys true --simulation_enabled false --stderr_dev jtag_uart_0 --stdin_dev jtag_uart_0 --stdout_dev jtag_uart_0 --sopc_system_name system --quartus_project_dir "T:/Hin/Learning/SoC/FP_Unit_Max" --sopcinfo T:/Hin/Learning/SoC/FP_Unit_Max/system.sopcinfo
      1 [main] sh 10032 find_fast_cwd: WARNING: Couldn't compute FAST_CWD pointer.  Please report this problem to
the public mailing list cygwin@cygwin.com
      1 [main] uname 13188 find_fast_cwd: WARNING: Couldn't compute FAST_CWD pointer.  Please report this problem to
the public mailing list cygwin@cygwin.com
      1 [main] sh 8448 find_fast_cwd: WARNING: Couldn't compute FAST_CWD pointer.  Please report this problem to
the public mailing list cygwin@cygwin.com
      0 [main] perl (7336) C:\altera\13.0sp1\quartus\bin\cygwin\bin\perl.exe: *** fatal error - cygheap base mismatch detected - 0x612708D0/0x12608D0.
This problem is probably due to using incompatible versions of the cygwin DLL.
Search for cygwin1.dll using the Windows Start->Find/Search facility
and delete all but the most recent version.  The most recent version *should*
reside in x:\cygwin\bin, where 'x' is the drive on which you have
installed the cygwin distribution.  Rebooting is also suggested if you
are unable to find another cygwin DLL.
      1 [main] perl 7984 fork: child -1 - forked process 7336 died unexpectedly, retry 0, exit code -1073741502, errno 11
      1 [main] perl (18068) C:\altera\13.0sp1\quartus\bin\cygwin\bin\perl.exe: *** fatal error - cygheap base mismatch detected - 0x612708D0/0x11D08D0.
This problem is probably due to using incompatible versions of the cygwin DLL.
Search for cygwin1.dll using the Windows Start->Find/Search facility
and delete all but the most recent version.  The most recent version *should*
reside in x:\cygwin\bin, where 'x' is the drive on which you have
installed the cygwin distribution.  Rebooting is also suggested if you
are unable to find another cygwin DLL.
5088629 [main] perl 7984 fork: child -1 - forked process 18068 died unexpectedly, retry 0, exit code -1073741502, errno 11
      1 [main] perl (15412) C:\altera\13.0sp1\quartus\bin\cygwin\bin\perl.exe: *** fatal error - cygheap base mismatch detected - 0x612708D0/0x12F08D0.
This problem is probably due to using incompatible versions of the cygwin DLL.
Search for cygwin1.dll using the Windows Start->Find/Search facility
and delete all but the most recent version.  The most recent version *should*
reside in x:\cygwin\bin, where 'x' is the drive on which you have
installed the cygwin distribution.  Rebooting is also suggested if you
are unable to find another cygwin DLL.
10176076 [main] perl 7984 fork: child -1 - forked process 15412 died unexpectedly, retry 0, exit code -1073741502, errno 11
      1 [main] perl (14892) C:\altera\13.0sp1\quartus\bin\cygwin\bin\perl.exe: *** fatal error - cygheap base mismatch detected - 0x612708D0/0x12608D0.
This problem is probably due to using incompatible versions of the cygwin DLL.
Search for cygwin1.dll using the Windows Start->Find/Search facility
and delete all but the most recent version.  The most recent version *should*
reside in x:\cygwin\bin, where 'x' is the drive on which you have
installed the cygwin distribution.  Rebooting is also suggested if you
are unable to find another cygwin DLL.
15269047 [main] perl 7984 fork: child -1 - forked process 14892 died unexpectedly, retry 0, exit code -1073741502, errno 11
      0 [main] perl (8920) C:\altera\13.0sp1\quartus\bin\cygwin\bin\perl.exe: *** fatal error - cygheap base mismatch detected - 0x612708D0/0x11408D0.
This problem is probably due to using incompatible versions of the cygwin DLL.
Search for cygwin1.dll using the Windows Start->Find/Search facility
and delete all but the most recent version.  The most recent version *should*
reside in x:\cygwin\bin, where 'x' is the drive on which you have
installed the cygwin distribution.  Rebooting is also suggested if you
are unable to find another cygwin DLL.
20355841 [main] perl 7984 fork: child -1 - forked process 8920 died unexpectedly, retry 0, exit code -1073741502, errno 11
      1 [main] perl (14700) C:\altera\13.0sp1\quartus\bin\cygwin\bin\perl.exe: *** fatal error - cygheap base mismatch detected - 0x612708D0/0x11108D0.
This problem is probably due to using incompatible versions of the cygwin DLL.
Search for cygwin1.dll using the Windows Start->Find/Search facility
and delete all but the most recent version.  The most recent version *should*
reside in x:\cygwin\bin, where 'x' is the drive on which you have
installed the cygwin distribution.  Rebooting is also suggested if you
are unable to find another cygwin DLL.
25455701 [main] perl 7984 fork: child -1 - forked process 14700 died unexpectedly, retry 0, exit code -1073741502, errno 11
      1 [main] perl (17628) C:\altera\13.0sp1\quartus\bin\cygwin\bin\perl.exe: *** fatal error - cygheap base mismatch detected - 0x612708D0/0x11408D0.
This problem is probably due to using incompatible versions of the cygwin DLL.
Search for cygwin1.dll using the Windows Start->Find/Search facility
and delete all but the most recent version.  The most recent version *should*
reside in x:\cygwin\bin, where 'x' is the drive on which you have
installed the cygwin distribution.  Rebooting is also suggested if you
are unable to find another cygwin DLL.
30537372 [main] perl 7984 fork: child -1 - forked process 17628 died unexpectedly, retry 0, exit code -1073741502, errno 11
      1 [main] perl (7736) C:\altera\13.0sp1\quartus\bin\cygwin\bin\perl.exe: *** fatal error - cygheap base mismatch detected - 0x612708D0/0x11108D0.
This problem is probably due to using incompatible versions of the cygwin DLL.
Search for cygwin1.dll using the Windows Start->Find/Search facility
and delete all but the most recent version.  The most recent version *should*
reside in x:\cygwin\bin, where 'x' is the drive on which you have
installed the cygwin distribution.  Rebooting is also suggested if you
are unable to find another cygwin DLL.
35632672 [main] perl 7984 fork: child -1 - forked process 7736 died unexpectedly, retry 0, exit code -1073741502, errno 11
      1 [main] perl (3348) C:\altera\13.0sp1\quartus\bin\cygwin\bin\perl.exe: *** fatal error - cygheap base mismatch detected - 0x612708D0/0x13108D0.
This problem is probably due to using incompatible versions of the cygwin DLL.
Search for cygwin1.dll using the Windows Start->Find/Search facility
and delete all but the most recent version.  The most recent version *should*
reside in x:\cygwin\bin, where 'x' is the drive on which you have
installed the cygwin distribution.  Rebooting is also suggested if you
are unable to find another cygwin DLL.
40719283 [main] perl 7984 fork: child -1 - forked process 3348 died unexpectedly, retry 0, exit code -1073741502, errno 11
      1 [main] perl (11528) C:\altera\13.0sp1\quartus\bin\cygwin\bin\perl.exe: *** fatal error - cygheap base mismatch detected - 0x612708D0/0x11408D0.
This problem is probably due to using incompatible versions of the cygwin DLL.
Search for cygwin1.dll using the Windows Start->Find/Search facility
and delete all but the most recent version.  The most recent version *should*
reside in x:\cygwin\bin, where 'x' is the drive on which you have
installed the cygwin distribution.  Rebooting is also suggested if you
are unable to find another cygwin DLL.
45812747 [main] perl 7984 fork: child -1 - forked process 11528 died unexpectedly, retry 0, exit code -1073741502, errno 11
      1 [main] perl (11000) C:\altera\13.0sp1\quartus\bin\cygwin\bin\perl.exe: *** fatal error - cygheap base mismatch detected - 0x612708D0/0x11208D0.
This problem is probably due to using incompatible versions of the cygwin DLL.
Search for cygwin1.dll using the Windows Start->Find/Search facility
and delete all but the most recent version.  The most recent version *should*
reside in x:\cygwin\bin, where 'x' is the drive on which you have
installed the cygwin distribution.  Rebooting is also suggested if you
are unable to find another cygwin DLL.
50899548 [main] perl 7984 fork: child -1 - forked process 11000 died unexpectedly, retry 0, exit code -1073741502, errno 11
      1 [main] perl (16156) C:\altera\13.0sp1\quartus\bin\cygwin\bin\perl.exe: *** fatal error - cygheap base mismatch detected - 0x612708D0/0x11608D0.
This problem is probably due to using incompatible versions of the cygwin DLL.
Search for cygwin1.dll using the Windows Start->Find/Search facility
and delete all but the most recent version.  The most recent version *should*
reside in x:\cygwin\bin, where 'x' is the drive on which you have
installed the cygwin distribution.  Rebooting is also suggested if you
are unable to find another cygwin DLL.
55987302 [main] perl 7984 fork: child -1 - forked process 16156 died unexpectedly, retry 0, exit code -1073741502, errno 11
      1 [main] perl (10440) C:\altera\13.0sp1\quartus\bin\cygwin\bin\perl.exe: *** fatal error - cygheap base mismatch detected - 0x612708D0/0x11108D0.
This problem is probably due to using incompatible versions of the cygwin DLL.
Search for cygwin1.dll using the Windows Start->Find/Search facility
and delete all but the most recent version.  The most recent version *should*
reside in x:\cygwin\bin, where 'x' is the drive on which you have
installed the cygwin distribution.  Rebooting is also suggested if you
are unable to find another cygwin DLL.
61074499 [main] perl 7984 fork: child -1 - forked process 10440 died unexpectedly, retry 0, exit code -1073741502, errno 11
66080931 [main] perl 16348 child_info_fork::abort: C:\altera\13.0sp1\quartus\bin\cygwin\bin\cygperl5_14.dll: Loaded to different address: parent(0xEF0000) != child(0xEB0000)
      1 [main] perl (10384) C:\altera\13.0sp1\quartus\bin\cygwin\bin\perl.exe: *** fatal error - cygheap base mismatch detected - 0x612708D0/0x11008D0.
This problem is probably due to using incompatible versions of the cygwin DLL.
Search for cygwin1.dll using the Windows Start->Find/Search facility
and delete all but the most recent version.  The most recent version *should*
reside in x:\cygwin\bin, where 'x' is the drive on which you have
installed the cygwin distribution.  Rebooting is also suggested if you
are unable to find another cygwin DLL.
71168634 [main] perl 7984 fork: child -1 - forked process 10384 died unexpectedly, retry 0, exit code -1073741502, errno 11
      1 [main] perl (16880) C:\altera\13.0sp1\quartus\bin\cygwin\bin\perl.exe: *** fatal error - cygheap base mismatch detected - 0x612708D0/0x12708D0.
This problem is probably due to using incompatible versions of the cygwin DLL.
Search for cygwin1.dll using the Windows Start->Find/Search facility
and delete all but the most recent version.  The most recent version *should*
reside in x:\cygwin\bin, where 'x' is the drive on which you have
installed the cygwin distribution.  Rebooting is also suggested if you
are unable to find another cygwin DLL.
76255770 [main] perl 7984 fork: child -1 - forked process 16880 died unexpectedly, retry 0, exit code -1073741502, errno 11
      1 [main] perl (16960) C:\altera\13.0sp1\quartus\bin\cygwin\bin\perl.exe: *** fatal error - cygheap base mismatch detected - 0x612708D0/0x11408D0.
This problem is probably due to using incompatible versions of the cygwin DLL.
Search for cygwin1.dll using the Windows Start->Find/Search facility
and delete all but the most recent version.  The most recent version *should*
reside in x:\cygwin\bin, where 'x' is the drive on which you have
installed the cygwin distribution.  Rebooting is also suggested if you
are unable to find another cygwin DLL.
81333298 [main] perl 7984 fork: child -1 - forked process 16960 died unexpectedly, retry 0, exit code -1073741502, errno 11
      1 [main] perl (10136) C:\altera\13.0sp1\quartus\bin\cygwin\bin\perl.exe: *** fatal error - cygheap base mismatch detected - 0x612708D0/0x12908D0.
This problem is probably due to using incompatible versions of the cygwin DLL.
Search for cygwin1.dll using the Windows Start->Find/Search facility
and delete all but the most recent version.  The most recent version *should*
reside in x:\cygwin\bin, where 'x' is the drive on which you have
installed the cygwin distribution.  Rebooting is also suggested if you
are unable to find another cygwin DLL.
86420338 [main] perl 7984 fork: child -1 - forked process 10136 died unexpectedly, retry 0, exit code -1073741502, errno 11
      1 [main] perl (18220) C:\altera\13.0sp1\quartus\bin\cygwin\bin\perl.exe: *** fatal error - cygheap base mismatch detected - 0x612708D0/0x11508D0.
This problem is probably due to using incompatible versions of the cygwin DLL.
Search for cygwin1.dll using the Windows Start->Find/Search facility
and delete all but the most recent version.  The most recent version *should*
reside in x:\cygwin\bin, where 'x' is the drive on which you have
installed the cygwin distribution.  Rebooting is also suggested if you
are unable to find another cygwin DLL.
91512973 [main] perl 7984 fork: child -1 - forked process 18220 died unexpectedly, retry 0, exit code -1073741502, errno 11
      1 [main] perl (5176) C:\altera\13.0sp1\quartus\bin\cygwin\bin\perl.exe: *** fatal error - cygheap base mismatch detected - 0x612708D0/0x11408D0.
This problem is probably due to using incompatible versions of the cygwin DLL.
Search for cygwin1.dll using the Windows Start->Find/Search facility
and delete all but the most recent version.  The most recent version *should*
reside in x:\cygwin\bin, where 'x' is the drive on which you have
installed the cygwin distribution.  Rebooting is also suggested if you
are unable to find another cygwin DLL.
96593965 [main] perl 7984 fork: child -1 - forked process 5176 died unexpectedly, retry 0, exit code -1073741502, errno 11
      1 [main] perl (18476) C:\altera\13.0sp1\quartus\bin\cygwin\bin\perl.exe: *** fatal error - cygheap base mismatch detected - 0x612708D0/0x11108D0.
This problem is probably due to using incompatible versions of the cygwin DLL.
Search for cygwin1.dll using the Windows Start->Find/Search facility
and delete all but the most recent version.  The most recent version *should*
reside in x:\cygwin\bin, where 'x' is the drive on which you have
installed the cygwin distribution.  Rebooting is also suggested if you
are unable to find another cygwin DLL.
101680753 [main] perl 7984 fork: child -1 - forked process 18476 died unexpectedly, retry 0, exit code -1073741502, errno 11
      1 [main] perl (3304) C:\altera\13.0sp1\quartus\bin\cygwin\bin\perl.exe: *** fatal error - cygheap base mismatch detected - 0x612708D0/0x11C08D0.
This problem is probably due to using incompatible versions of the cygwin DLL.
Search for cygwin1.dll using the Windows Start->Find/Search facility
and delete all but the most recent version.  The most recent version *should*
reside in x:\cygwin\bin, where 'x' is the drive on which you have
installed the cygwin distribution.  Rebooting is also suggested if you
are unable to find another cygwin DLL.
106759022 [main] perl 7984 fork: child -1 - forked process 3304 died unexpectedly, retry 0, exit code -1073741502, errno 11
      1 [main] perl (14020) C:\altera\13.0sp1\quartus\bin\cygwin\bin\perl.exe: *** fatal error - cygheap base mismatch detected - 0x612708D0/0x11208D0.
This problem is probably due to using incompatible versions of the cygwin DLL.
Search for cygwin1.dll using the Windows Start->Find/Search facility
and delete all but the most recent version.  The most recent version *should*
reside in x:\cygwin\bin, where 'x' is the drive on which you have
installed the cygwin distribution.  Rebooting is also suggested if you
are unable to find another cygwin DLL.
111841293 [main] perl 7984 fork: child -1 - forked process 14020 died unexpectedly, retry 0, exit code -1073741502, errno 11
      0 [main] perl (16876) C:\altera\13.0sp1\quartus\bin\cygwin\bin\perl.exe: *** fatal error - cygheap base mismatch detected - 0x612708D0/0x12108D0.
This problem is probably due to using incompatible versions of the cygwin DLL.
Search for cygwin1.dll using the Windows Start->Find/Search facility
and delete all but the most recent version.  The most recent version *should*
reside in x:\cygwin\bin, where 'x' is the drive on which you have
installed the cygwin distribution.  Rebooting is also suggested if you
are unable to find another cygwin DLL.
116930439 [main] perl 7984 fork: child -1 - forked process 16876 died unexpectedly, retry 0, exit code -1073741502, errno 11
      1 [main] perl (7416) C:\altera\13.0sp1\quartus\bin\cygwin\bin\perl.exe: *** fatal error - cygheap base mismatch detected - 0x612708D0/0x11608D0.
This problem is probably due to using incompatible versions of the cygwin DLL.
Search for cygwin1.dll using the Windows Start->Find/Search facility
and delete all but the most recent version.  The most recent version *should*
reside in x:\cygwin\bin, where 'x' is the drive on which you have
installed the cygwin distribution.  Rebooting is also suggested if you
are unable to find another cygwin DLL.
122017946 [main] perl 7984 fork: child -1 - forked process 7416 died unexpectedly, retry 0, exit code -1073741502, errno 11
      1 [main] perl (8432) C:\altera\13.0sp1\quartus\bin\cygwin\bin\perl.exe: *** fatal error - cygheap base mismatch detected - 0x612708D0/0x11708D0.
This problem is probably due to using incompatible versions of the cygwin DLL.
Search for cygwin1.dll using the Windows Start->Find/Search facility
and delete all but the most recent version.  The most recent version *should*
reside in x:\cygwin\bin, where 'x' is the drive on which you have
installed the cygwin distribution.  Rebooting is also suggested if you
are unable to find another cygwin DLL.
127113991 [main] perl 7984 fork: child -1 - forked process 8432 died unexpectedly, retry 0, exit code -1073741502, errno 11
      1 [main] perl (5336) C:\altera\13.0sp1\quartus\bin\cygwin\bin\perl.exe: *** fatal error - cygheap base mismatch detected - 0x612708D0/0x11208D0.
This problem is probably due to using incompatible versions of the cygwin DLL.
Search for cygwin1.dll using the Windows Start->Find/Search facility
and delete all but the most recent version.  The most recent version *should*
reside in x:\cygwin\bin, where 'x' is the drive on which you have
installed the cygwin distribution.  Rebooting is also suggested if you
are unable to find another cygwin DLL.
132190281 [main] perl 7984 fork: child -1 - forked process 5336 died unexpectedly, retry 0, exit code -1073741502, errno 11
      1 [main] perl (1796) C:\altera\13.0sp1\quartus\bin\cygwin\bin\perl.exe: *** fatal error - cygheap base mismatch detected - 0x612708D0/0x11208D0.
This problem is probably due to using incompatible versions of the cygwin DLL.
Search for cygwin1.dll using the Windows Start->Find/Search facility
and delete all but the most recent version.  The most recent version *should*
reside in x:\cygwin\bin, where 'x' is the drive on which you have
installed the cygwin distribution.  Rebooting is also suggested if you
are unable to find another cygwin DLL.
137284003 [main] perl 7984 fork: child -1 - forked process 1796 died unexpectedly, retry 0, exit code -1073741502, errno 11
      1 [main] perl (12224) C:\altera\13.0sp1\quartus\bin\cygwin\bin\perl.exe: *** fatal error - cygheap base mismatch detected - 0x612708D0/0x11208D0.
This problem is probably due to using incompatible versions of the cygwin DLL.
Search for cygwin1.dll using the Windows Start->Find/Search facility
and delete all but the most recent version.  The most recent version *should*
reside in x:\cygwin\bin, where 'x' is the drive on which you have
installed the cygwin distribution.  Rebooting is also suggested if you
are unable to find another cygwin DLL.
142371401 [main] perl 7984 fork: child -1 - forked process 12224 died unexpectedly, retry 0, exit code -1073741502, errno 11
      1 [main] perl (13044) C:\altera\13.0sp1\quartus\bin\cygwin\bin\perl.exe: *** fatal error - cygheap base mismatch detected - 0x612708D0/0x12D08D0.
This problem is probably due to using incompatible versions of the cygwin DLL.
Search for cygwin1.dll using the Windows Start->Find/Search facility
and delete all but the most recent version.  The most recent version *should*
reside in x:\cygwin\bin, where 'x' is the drive on which you have
installed the cygwin distribution.  Rebooting is also suggested if you
are unable to find another cygwin DLL.
147456258 [main] perl 7984 fork: child -1 - forked process 13044 died unexpectedly, retry 0, exit code -1073741502, errno 11
      1 [main] perl (14732) C:\altera\13.0sp1\quartus\bin\cygwin\bin\perl.exe: *** fatal error - cygheap base mismatch detected - 0x612708D0/0x12D08D0.
This problem is probably due to using incompatible versions of the cygwin DLL.
Search for cygwin1.dll using the Windows Start->Find/Search facility
and delete all but the most recent version.  The most recent version *should*
reside in x:\cygwin\bin, where 'x' is the drive on which you have
installed the cygwin distribution.  Rebooting is also suggested if you
are unable to find another cygwin DLL.
152532344 [main] perl 7984 fork: child -1 - forked process 14732 died unexpectedly, retry 0, exit code -1073741502, errno 11
      1 [main] perl (18796) C:\altera\13.0sp1\quartus\bin\cygwin\bin\perl.exe: *** fatal error - cygheap base mismatch detected - 0x612708D0/0x12C08D0.
This problem is probably due to using incompatible versions of the cygwin DLL.
Search for cygwin1.dll using the Windows Start->Find/Search facility
and delete all but the most recent version.  The most recent version *should*
reside in x:\cygwin\bin, where 'x' is the drive on which you have
installed the cygwin distribution.  Rebooting is also suggested if you
are unable to find another cygwin DLL.
157624205 [main] perl 7984 fork: child -1 - forked process 18796 died unexpectedly, retry 0, exit code -1073741502, errno 11
      1 [main] perl (11644) C:\altera\13.0sp1\quartus\bin\cygwin\bin\perl.exe: *** fatal error - cygheap base mismatch detected - 0x612708D0/0x12D08D0.
This problem is probably due to using incompatible versions of the cygwin DLL.
Search for cygwin1.dll using the Windows Start->Find/Search facility
and delete all but the most recent version.  The most recent version *should*
reside in x:\cygwin\bin, where 'x' is the drive on which you have
installed the cygwin distribution.  Rebooting is also suggested if you
are unable to find another cygwin DLL.
162713160 [main] perl 7984 fork: child -1 - forked process 11644 died unexpectedly, retry 0, exit code -1073741502, errno 11
      1 [main] perl (11992) C:\altera\13.0sp1\quartus\bin\cygwin\bin\perl.exe: *** fatal error - cygheap base mismatch detected - 0x612708D0/0x11108D0.
This problem is probably due to using incompatible versions of the cygwin DLL.
Search for cygwin1.dll using the Windows Start->Find/Search facility
and delete all but the most recent version.  The most recent version *should*
reside in x:\cygwin\bin, where 'x' is the drive on which you have
installed the cygwin distribution.  Rebooting is also suggested if you
are unable to find another cygwin DLL.
167797965 [main] perl 7984 fork: child -1 - forked process 11992 died unexpectedly, retry 0, exit code -1073741502, errno 11
      1 [main] perl (1252) C:\altera\13.0sp1\quartus\bin\cygwin\bin\perl.exe: *** fatal error - cygheap base mismatch detected - 0x612708D0/0x11008D0.
This problem is probably due to using incompatible versions of the cygwin DLL.
Search for cygwin1.dll using the Windows Start->Find/Search facility
and delete all but the most recent version.  The most recent version *should*
reside in x:\cygwin\bin, where 'x' is the drive on which you have
installed the cygwin distribution.  Rebooting is also suggested if you
are unable to find another cygwin DLL.
172891172 [main] perl 7984 fork: child -1 - forked process 1252 died unexpectedly, retry 0, exit code -1073741502, errno 11
      1 [main] perl (16372) C:\altera\13.0sp1\quartus\bin\cygwin\bin\perl.exe: *** fatal error - cygheap base mismatch detected - 0x612708D0/0x11908D0.
This problem is probably due to using incompatible versions of the cygwin DLL.
Search for cygwin1.dll using the Windows Start->Find/Search facility
and delete all but the most recent version.  The most recent version *should*
reside in x:\cygwin\bin, where 'x' is the drive on which you have
installed the cygwin distribution.  Rebooting is also suggested if you
are unable to find another cygwin DLL.
177988684 [main] perl 7984 fork: child -1 - forked process 16372 died unexpectedly, retry 0, exit code -1073741502, errno 11
      1 [main] perl (12016) C:\altera\13.0sp1\quartus\bin\cygwin\bin\perl.exe: *** fatal error - cygheap base mismatch detected - 0x612708D0/0x11108D0.
This problem is probably due to using incompatible versions of the cygwin DLL.
Search for cygwin1.dll using the Windows Start->Find/Search facility
and delete all but the most recent version.  The most recent version *should*
reside in x:\cygwin\bin, where 'x' is the drive on which you have
installed the cygwin distribution.  Rebooting is also suggested if you
are unable to find another cygwin DLL.
183084472 [main] perl 7984 fork: child -1 - forked process 12016 died unexpectedly, retry 0, exit code -1073741502, errno 11
188091794 [main] perl 15108 child_info_fork::abort: C:\altera\13.0sp1\quartus\bin\cygwin\bin\cygperl5_14.dll: Loaded to different address: parent(0xEF0000) != child(0xF80000)
      1 [main] perl (9224) C:\altera\13.0sp1\quartus\bin\cygwin\bin\perl.exe: *** fatal error - cygheap base mismatch detected - 0x612708D0/0x12808D0.
This problem is probably due to using incompatible versions of the cygwin DLL.
Search for cygwin1.dll using the Windows Start->Find/Search facility
and delete all but the most recent version.  The most recent version *should*
reside in x:\cygwin\bin, where 'x' is the drive on which you have
installed the cygwin distribution.  Rebooting is also suggested if you
are unable to find another cygwin DLL.
193190347 [main] perl 7984 fork: child -1 - forked process 9224 died unexpectedly, retry 0, exit code -1073741502, errno 11
      1 [main] perl (8676) C:\altera\13.0sp1\quartus\bin\cygwin\bin\perl.exe: *** fatal error - cygheap base mismatch detected - 0x612708D0/0x11308D0.
This problem is probably due to using incompatible versions of the cygwin DLL.
Search for cygwin1.dll using the Windows Start->Find/Search facility
and delete all but the most recent version.  The most recent version *should*
reside in x:\cygwin\bin, where 'x' is the drive on which you have
installed the cygwin distribution.  Rebooting is also suggested if you
are unable to find another cygwin DLL.
198271186 [main] perl 7984 fork: child -1 - forked process 8676 died unexpectedly, retry 0, exit code -1073741502, errno 11
      0 [main] perl (9712) C:\altera\13.0sp1\quartus\bin\cygwin\bin\perl.exe: *** fatal error - cygheap base mismatch detected - 0x612708D0/0x11408D0.
This problem is probably due to using incompatible versions of the cygwin DLL.
Search for cygwin1.dll using the Windows Start->Find/Search facility
and delete all but the most recent version.  The most recent version *should*
reside in x:\cygwin\bin, where 'x' is the drive on which you have
installed the cygwin distribution.  Rebooting is also suggested if you
are unable to find another cygwin DLL.
203365556 [main] perl 7984 fork: child -1 - forked process 9712 died unexpectedly, retry 0, exit code -1073741502, errno 11
      1 [main] perl (14484) C:\altera\13.0sp1\quartus\bin\cygwin\bin\perl.exe: *** fatal error - cygheap base mismatch detected - 0x612708D0/0x11808D0.
This problem is probably due to using incompatible versions of the cygwin DLL.
Search for cygwin1.dll using the Windows Start->Find/Search facility
and delete all but the most recent version.  The most recent version *should*
reside in x:\cygwin\bin, where 'x' is the drive on which you have
installed the cygwin distribution.  Rebooting is also suggested if you
are unable to find another cygwin DLL.
208457326 [main] perl 7984 fork: child -1 - forked process 14484 died unexpectedly, retry 0, exit code -1073741502, errno 11
      1 [main] perl (6136) C:\altera\13.0sp1\quartus\bin\cygwin\bin\perl.exe: *** fatal error - cygheap base mismatch detected - 0x612708D0/0x11308D0.
This problem is probably due to using incompatible versions of the cygwin DLL.
Search for cygwin1.dll using the Windows Start->Find/Search facility
and delete all but the most recent version.  The most recent version *should*
reside in x:\cygwin\bin, where 'x' is the drive on which you have
installed the cygwin distribution.  Rebooting is also suggested if you
are unable to find another cygwin DLL.
213537835 [main] perl 7984 fork: child -1 - forked process 6136 died unexpectedly, retry 0, exit code -1073741502, errno 11
      1 [main] perl (13388) C:\altera\13.0sp1\quartus\bin\cygwin\bin\perl.exe: *** fatal error - cygheap base mismatch detected - 0x612708D0/0x11708D0.
This problem is probably due to using incompatible versions of the cygwin DLL.
Search for cygwin1.dll using the Windows Start->Find/Search facility
and delete all but the most recent version.  The most recent version *should*
reside in x:\cygwin\bin, where 'x' is the drive on which you have
installed the cygwin distribution.  Rebooting is also suggested if you
are unable to find another cygwin DLL.
218627972 [main] perl 7984 fork: child -1 - forked process 13388 died unexpectedly, retry 0, exit code -1073741502, errno 11
      1 [main] perl (12868) C:\altera\13.0sp1\quartus\bin\cygwin\bin\perl.exe: *** fatal error - cygheap base mismatch detected - 0x612708D0/0x11408D0.
This problem is probably due to using incompatible versions of the cygwin DLL.
Search for cygwin1.dll using the Windows Start->Find/Search facility
and delete all but the most recent version.  The most recent version *should*
reside in x:\cygwin\bin, where 'x' is the drive on which you have
installed the cygwin distribution.  Rebooting is also suggested if you
are unable to find another cygwin DLL.
223725196 [main] perl 7984 fork: child -1 - forked process 12868 died unexpectedly, retry 0, exit code -1073741502, errno 11
      1 [main] perl (9284) C:\altera\13.0sp1\quartus\bin\cygwin\bin\perl.exe: *** fatal error - cygheap base mismatch detected - 0x612708D0/0x12908D0.
This problem is probably due to using incompatible versions of the cygwin DLL.
Search for cygwin1.dll using the Windows Start->Find/Search facility
and delete all but the most recent version.  The most recent version *should*
reside in x:\cygwin\bin, where 'x' is the drive on which you have
installed the cygwin distribution.  Rebooting is also suggested if you
are unable to find another cygwin DLL.
228799551 [main] perl 7984 fork: child -1 - forked process 9284 died unexpectedly, retry 0, exit code -1073741502, errno 11
      1 [main] perl (8244) C:\altera\13.0sp1\quartus\bin\cygwin\bin\perl.exe: *** fatal error - cygheap base mismatch detected - 0x612708D0/0x11308D0.
This problem is probably due to using incompatible versions of the cygwin DLL.
Search for cygwin1.dll using the Windows Start->Find/Search facility
and delete all but the most recent version.  The most recent version *should*
reside in x:\cygwin\bin, where 'x' is the drive on which you have
installed the cygwin distribution.  Rebooting is also suggested if you
are unable to find another cygwin DLL.
233885977 [main] perl 7984 fork: child -1 - forked process 8244 died unexpectedly, retry 0, exit code -1073741502, errno 11
      1 [main] perl (8980) C:\altera\13.0sp1\quartus\bin\cygwin\bin\perl.exe: *** fatal error - cygheap base mismatch detected - 0x612708D0/0x11F08D0.
This problem is probably due to using incompatible versions of the cygwin DLL.
Search for cygwin1.dll using the Windows Start->Find/Search facility
and delete all but the most recent version.  The most recent version *should*
reside in x:\cygwin\bin, where 'x' is the drive on which you have
installed the cygwin distribution.  Rebooting is also suggested if you
are unable to find another cygwin DLL.
238968437 [main] perl 7984 fork: child -1 - forked process 8980 died unexpectedly, retry 0, exit code -1073741502, errno 11
      1 [main] perl (11384) C:\altera\13.0sp1\quartus\bin\cygwin\bin\perl.exe: *** fatal error - cygheap base mismatch detected - 0x612708D0/0x11508D0.
This problem is probably due to using incompatible versions of the cygwin DLL.
Search for cygwin1.dll using the Windows Start->Find/Search facility
and delete all but the most recent version.  The most recent version *should*
reside in x:\cygwin\bin, where 'x' is the drive on which you have
installed the cygwin distribution.  Rebooting is also suggested if you
are unable to find another cygwin DLL.
244051963 [main] perl 7984 fork: child -1 - forked process 11384 died unexpectedly, retry 0, exit code -1073741502, errno 11
      1 [main] perl (14512) C:\altera\13.0sp1\quartus\bin\cygwin\bin\perl.exe: *** fatal error - cygheap base mismatch detected - 0x612708D0/0x11E08D0.
This problem is probably due to using incompatible versions of the cygwin DLL.
Search for cygwin1.dll using the Windows Start->Find/Search facility
and delete all but the most recent version.  The most recent version *should*
reside in x:\cygwin\bin, where 'x' is the drive on which you have
installed the cygwin distribution.  Rebooting is also suggested if you
are unable to find another cygwin DLL.
249134357 [main] perl 7984 fork: child -1 - forked process 14512 died unexpectedly, retry 0, exit code -1073741502, errno 11
      0 [main] perl (11584) C:\altera\13.0sp1\quartus\bin\cygwin\bin\perl.exe: *** fatal error - cygheap base mismatch detected - 0x612708D0/0x11008D0.
This problem is probably due to using incompatible versions of the cygwin DLL.
Search for cygwin1.dll using the Windows Start->Find/Search facility
and delete all but the most recent version.  The most recent version *should*
reside in x:\cygwin\bin, where 'x' is the drive on which you have
installed the cygwin distribution.  Rebooting is also suggested if you
are unable to find another cygwin DLL.
254229063 [main] perl 7984 fork: child -1 - forked process 11584 died unexpectedly, retry 0, exit code -1073741502, errno 11
      1 [main] perl (13660) C:\altera\13.0sp1\quartus\bin\cygwin\bin\perl.exe: *** fatal error - cygheap base mismatch detected - 0x612708D0/0x12408D0.
This problem is probably due to using incompatible versions of the cygwin DLL.
Search for cygwin1.dll using the Windows Start->Find/Search facility
and delete all but the most recent version.  The most recent version *should*
reside in x:\cygwin\bin, where 'x' is the drive on which you have
installed the cygwin distribution.  Rebooting is also suggested if you
are unable to find another cygwin DLL.
259322595 [main] perl 7984 fork: child -1 - forked process 13660 died unexpectedly, retry 0, exit code -1073741502, errno 11
      1 [main] perl (11600) C:\altera\13.0sp1\quartus\bin\cygwin\bin\perl.exe: *** fatal error - cygheap base mismatch detected - 0x612708D0/0x11408D0.
This problem is probably due to using incompatible versions of the cygwin DLL.
Search for cygwin1.dll using the Windows Start->Find/Search facility
and delete all but the most recent version.  The most recent version *should*
reside in x:\cygwin\bin, where 'x' is the drive on which you have
installed the cygwin distribution.  Rebooting is also suggested if you
are unable to find another cygwin DLL.
264396831 [main] perl 7984 fork: child -1 - forked process 11600 died unexpectedly, retry 0, exit code -1073741502, errno 11
      1 [main] perl (17672) C:\altera\13.0sp1\quartus\bin\cygwin\bin\perl.exe: *** fatal error - cygheap base mismatch detected - 0x612708D0/0x12608D0.
This problem is probably due to using incompatible versions of the cygwin DLL.
Search for cygwin1.dll using the Windows Start->Find/Search facility
and delete all but the most recent version.  The most recent version *should*
reside in x:\cygwin\bin, where 'x' is the drive on which you have
installed the cygwin distribution.  Rebooting is also suggested if you
are unable to find another cygwin DLL.
269486549 [main] perl 7984 fork: child -1 - forked process 17672 died unexpectedly, retry 0, exit code -1073741502, errno 11
      1 [main] perl (17880) C:\altera\13.0sp1\quartus\bin\cygwin\bin\perl.exe: *** fatal error - cygheap base mismatch detected - 0x612708D0/0x11D08D0.
This problem is probably due to using incompatible versions of the cygwin DLL.
Search for cygwin1.dll using the Windows Start->Find/Search facility
and delete all but the most recent version.  The most recent version *should*
reside in x:\cygwin\bin, where 'x' is the drive on which you have
installed the cygwin distribution.  Rebooting is also suggested if you
are unable to find another cygwin DLL.
274579854 [main] perl 7984 fork: child -1 - forked process 17880 died unexpectedly, retry 0, exit code -1073741502, errno 11
      0 [main] perl (12604) C:\altera\13.0sp1\quartus\bin\cygwin\bin\perl.exe: *** fatal error - cygheap base mismatch detected - 0x612708D0/0x13408D0.
This problem is probably due to using incompatible versions of the cygwin DLL.
Search for cygwin1.dll using the Windows Start->Find/Search facility
and delete all but the most recent version.  The most recent version *should*
reside in x:\cygwin\bin, where 'x' is the drive on which you have
installed the cygwin distribution.  Rebooting is also suggested if you
are unable to find another cygwin DLL.
279653862 [main] perl 7984 fork: child -1 - forked process 12604 died unexpectedly, retry 0, exit code -1073741502, errno 11
      1 [main] perl (2608) C:\altera\13.0sp1\quartus\bin\cygwin\bin\perl.exe: *** fatal error - cygheap base mismatch detected - 0x612708D0/0x11108D0.
This problem is probably due to using incompatible versions of the cygwin DLL.
Search for cygwin1.dll using the Windows Start->Find/Search facility
and delete all but the most recent version.  The most recent version *should*
reside in x:\cygwin\bin, where 'x' is the drive on which you have
installed the cygwin distribution.  Rebooting is also suggested if you
are unable to find another cygwin DLL.
284733696 [main] perl 7984 fork: child -1 - forked process 2608 died unexpectedly, retry 0, exit code -1073741502, errno 11

**** Build of configuration Nios II for project FPU ****

Error: Command canceled

**** Build Finished ****
