Flow report for FP_Unit
Mon Nov 24 23:39:02 2025
Quartus II 64-Bit Version 13.0.1 Build 232 06/12/2013 Service Pack 1 SJ Web Edition


---------------------
; Table of Contents ;
---------------------
  1. Legal Notice
  2. Flow Summary
  3. Flow Settings
  4. Flow Non-Default Global Settings
  5. Flow Elapsed Time
  6. Flow OS Summary
  7. Flow Log
  8. Flow Messages
  9. Flow Suppressed Messages



----------------
; Legal Notice ;
----------------
Copyright (C) 1991-2013 Altera Corporation
Your use of Altera Corporation's design tools, logic functions 
and other software and tools, and its AMPP partner logic 
functions, and any output files from any of the foregoing 
(including device programming or simulation files), and any 
associated documentation or information are expressly subject 
to the terms and conditions of the Altera Program License 
Subscription Agreement, Altera MegaCore Function License 
Agreement, or other applicable license agreement, including, 
without limitation, that your use is for the sole purpose of 
programming logic devices manufactured by Altera and sold by 
Altera or its authorized distributors.  Please refer to the 
applicable agreement for further details.



+--------------------------------------------------------------------------------------+
; Flow Summary                                                                         ;
+------------------------------------+-------------------------------------------------+
; Flow Status                        ; Successful - Mon Nov 24 23:39:02 2025           ;
; Quartus II 64-Bit Version          ; 13.0.1 Build 232 06/12/2013 SP 1 SJ Web Edition ;
; Revision Name                      ; FP_Unit                                         ;
; Top-level Entity Name              ; FP_Unit                                         ;
; Family                             ; Cyclone II                                      ;
; Device                             ; EP2C35F672C6                                    ;
; Timing Models                      ; Final                                           ;
; Total logic elements               ; 13,264 / 33,216 ( 40 % )                        ;
;     Total combinational functions  ; 13,261 / 33,216 ( 40 % )                        ;
;     Dedicated logic registers      ; 38 / 33,216 ( < 1 % )                           ;
; Total registers                    ; 38                                              ;
; Total pins                         ; 102 / 475 ( 21 % )                              ;
; Total virtual pins                 ; 0                                               ;
; Total memory bits                  ; 0 / 483,840 ( 0 % )                             ;
; Embedded Multiplier 9-bit elements ; 70 / 70 ( 100 % )                               ;
; Total PLLs                         ; 0 / 4 ( 0 % )                                   ;
+------------------------------------+-------------------------------------------------+


+-----------------------------------------+
; Flow Settings                           ;
+-------------------+---------------------+
; Option            ; Setting             ;
+-------------------+---------------------+
; Start date & time ; 11/24/2025 23:36:23 ;
; Main task         ; Compilation         ;
; Revision Name     ; FP_Unit             ;
+-------------------+---------------------+


+--------------------------------------------------------------------------------------------------------------------------------------------------------------------+
; Flow Non-Default Global Settings                                                                                                                                   ;
+--------------------------------------+----------------------------------------------------------+---------------+---------------------------------+----------------+
; Assignment Name                      ; Value                                                    ; Default Value ; Entity Name                     ; Section Id     ;
+--------------------------------------+----------------------------------------------------------+---------------+---------------------------------+----------------+
; COMPILER_SIGNATURE_ID                ; 185350568433488.176400218317196                          ; --            ; --                              ; --             ;
; EDA_DESIGN_INSTANCE_NAME             ; NA                                                       ; --            ; --                              ; FP_Unit_tb     ;
; EDA_NATIVELINK_SIMULATION_TEST_BENCH ; FP_Unit_tb                                               ; --            ; --                              ; eda_simulation ;
; EDA_OUTPUT_DATA_FORMAT               ; Verilog Hdl                                              ; --            ; --                              ; eda_simulation ;
; EDA_SIMULATION_TOOL                  ; ModelSim-Altera (Verilog)                                ; <None>        ; --                              ; --             ;
; EDA_TEST_BENCH_ENABLE_STATUS         ; TEST_BENCH_MODE                                          ; --            ; --                              ; eda_simulation ;
; EDA_TEST_BENCH_FILE                  ; FP_Unit_tb.v                                             ; --            ; --                              ; FP_Unit_tb     ;
; EDA_TEST_BENCH_MODULE_NAME           ; FP_Unit_tb                                               ; --            ; --                              ; FP_Unit_tb     ;
; EDA_TEST_BENCH_NAME                  ; FP_Unit_tb                                               ; --            ; --                              ; eda_simulation ;
; EDA_TIME_SCALE                       ; 100 ps                                                   ; --            ; --                              ; eda_simulation ;
; IP_TOOL_ENV                          ; Qsys                                                     ; --            ; altera_avalon_sc_fifo           ; --             ;
; IP_TOOL_ENV                          ; Qsys                                                     ; --            ; altera_merlin_master_agent      ; --             ;
; IP_TOOL_ENV                          ; Qsys                                                     ; --            ; altera_merlin_master_translator ; --             ;
; IP_TOOL_ENV                          ; Qsys                                                     ; --            ; altera_merlin_slave_agent       ; --             ;
; IP_TOOL_ENV                          ; Qsys                                                     ; --            ; altera_merlin_slave_translator  ; --             ;
; IP_TOOL_ENV                          ; Qsys                                                     ; --            ; altera_reset_controller         ; --             ;
; IP_TOOL_ENV                          ; Qsys                                                     ; --            ; system                          ; --             ;
; IP_TOOL_ENV                          ; Qsys                                                     ; --            ; system_addr_router              ; --             ;
; IP_TOOL_ENV                          ; Qsys                                                     ; --            ; system_addr_router_001          ; --             ;
; IP_TOOL_ENV                          ; Qsys                                                     ; --            ; system_cmd_xbar_demux           ; --             ;
; IP_TOOL_ENV                          ; Qsys                                                     ; --            ; system_cmd_xbar_demux_001       ; --             ;
; IP_TOOL_ENV                          ; Qsys                                                     ; --            ; system_cmd_xbar_mux             ; --             ;
; IP_TOOL_ENV                          ; Qsys                                                     ; --            ; system_id_router                ; --             ;
; IP_TOOL_ENV                          ; Qsys                                                     ; --            ; system_id_router_003            ; --             ;
; IP_TOOL_ENV                          ; Qsys                                                     ; --            ; system_irq_mapper               ; --             ;
; IP_TOOL_ENV                          ; Qsys                                                     ; --            ; system_jtag_uart_0              ; --             ;
; IP_TOOL_ENV                          ; Qsys                                                     ; --            ; system_nios2_qsys_0             ; --             ;
; IP_TOOL_ENV                          ; Qsys                                                     ; --            ; system_onchip_memory2_0         ; --             ;
; IP_TOOL_ENV                          ; Qsys                                                     ; --            ; system_rsp_xbar_demux           ; --             ;
; IP_TOOL_ENV                          ; Qsys                                                     ; --            ; system_rsp_xbar_demux_003       ; --             ;
; IP_TOOL_ENV                          ; Qsys                                                     ; --            ; system_rsp_xbar_mux             ; --             ;
; IP_TOOL_ENV                          ; Qsys                                                     ; --            ; system_rsp_xbar_mux_001         ; --             ;
; IP_TOOL_NAME                         ; altera_avalon_sc_fifo                                    ; --            ; altera_avalon_sc_fifo           ; --             ;
; IP_TOOL_NAME                         ; altera_merlin_master_agent                               ; --            ; altera_merlin_master_agent      ; --             ;
; IP_TOOL_NAME                         ; altera_merlin_master_translator                          ; --            ; altera_merlin_master_translator ; --             ;
; IP_TOOL_NAME                         ; altera_merlin_slave_agent                                ; --            ; altera_merlin_slave_agent       ; --             ;
; IP_TOOL_NAME                         ; altera_merlin_slave_translator                           ; --            ; altera_merlin_slave_translator  ; --             ;
; IP_TOOL_NAME                         ; altera_reset_controller                                  ; --            ; altera_reset_controller         ; --             ;
; IP_TOOL_NAME                         ; Qsys                                                     ; --            ; system                          ; --             ;
; IP_TOOL_NAME                         ; altera_merlin_router                                     ; --            ; system_addr_router              ; --             ;
; IP_TOOL_NAME                         ; altera_merlin_router                                     ; --            ; system_addr_router_001          ; --             ;
; IP_TOOL_NAME                         ; altera_merlin_demultiplexer                              ; --            ; system_cmd_xbar_demux           ; --             ;
; IP_TOOL_NAME                         ; altera_merlin_demultiplexer                              ; --            ; system_cmd_xbar_demux_001       ; --             ;
; IP_TOOL_NAME                         ; altera_merlin_multiplexer                                ; --            ; system_cmd_xbar_mux             ; --             ;
; IP_TOOL_NAME                         ; altera_merlin_router                                     ; --            ; system_id_router                ; --             ;
; IP_TOOL_NAME                         ; altera_merlin_router                                     ; --            ; system_id_router_003            ; --             ;
; IP_TOOL_NAME                         ; altera_irq_mapper                                        ; --            ; system_irq_mapper               ; --             ;
; IP_TOOL_NAME                         ; altera_avalon_jtag_uart                                  ; --            ; system_jtag_uart_0              ; --             ;
; IP_TOOL_NAME                         ; altera_nios2_qsys                                        ; --            ; system_nios2_qsys_0             ; --             ;
; IP_TOOL_NAME                         ; altera_avalon_onchip_memory2                             ; --            ; system_onchip_memory2_0         ; --             ;
; IP_TOOL_NAME                         ; altera_merlin_demultiplexer                              ; --            ; system_rsp_xbar_demux           ; --             ;
; IP_TOOL_NAME                         ; altera_merlin_demultiplexer                              ; --            ; system_rsp_xbar_demux_003       ; --             ;
; IP_TOOL_NAME                         ; altera_merlin_multiplexer                                ; --            ; system_rsp_xbar_mux             ; --             ;
; IP_TOOL_NAME                         ; altera_merlin_multiplexer                                ; --            ; system_rsp_xbar_mux_001         ; --             ;
; IP_TOOL_VERSION                      ; 13.0                                                     ; --            ; altera_avalon_sc_fifo           ; --             ;
; IP_TOOL_VERSION                      ; 13.0                                                     ; --            ; altera_merlin_master_agent      ; --             ;
; IP_TOOL_VERSION                      ; 13.0                                                     ; --            ; altera_merlin_master_translator ; --             ;
; IP_TOOL_VERSION                      ; 13.0                                                     ; --            ; altera_merlin_slave_agent       ; --             ;
; IP_TOOL_VERSION                      ; 13.0                                                     ; --            ; altera_merlin_slave_translator  ; --             ;
; IP_TOOL_VERSION                      ; 13.0                                                     ; --            ; altera_reset_controller         ; --             ;
; IP_TOOL_VERSION                      ; 13.0sp1                                                  ; --            ; system                          ; --             ;
; IP_TOOL_VERSION                      ; 13.0                                                     ; --            ; system_addr_router              ; --             ;
; IP_TOOL_VERSION                      ; 13.0                                                     ; --            ; system_addr_router_001          ; --             ;
; IP_TOOL_VERSION                      ; 13.0                                                     ; --            ; system_cmd_xbar_demux           ; --             ;
; IP_TOOL_VERSION                      ; 13.0                                                     ; --            ; system_cmd_xbar_demux_001       ; --             ;
; IP_TOOL_VERSION                      ; 13.0                                                     ; --            ; system_cmd_xbar_mux             ; --             ;
; IP_TOOL_VERSION                      ; 13.0                                                     ; --            ; system_id_router                ; --             ;
; IP_TOOL_VERSION                      ; 13.0                                                     ; --            ; system_id_router_003            ; --             ;
; IP_TOOL_VERSION                      ; 13.0                                                     ; --            ; system_irq_mapper               ; --             ;
; IP_TOOL_VERSION                      ; 13.0.1.99.2                                              ; --            ; system_jtag_uart_0              ; --             ;
; IP_TOOL_VERSION                      ; 13.0                                                     ; --            ; system_nios2_qsys_0             ; --             ;
; IP_TOOL_VERSION                      ; 13.0.1.99.2                                              ; --            ; system_onchip_memory2_0         ; --             ;
; IP_TOOL_VERSION                      ; 13.0                                                     ; --            ; system_rsp_xbar_demux           ; --             ;
; IP_TOOL_VERSION                      ; 13.0                                                     ; --            ; system_rsp_xbar_demux_003       ; --             ;
; IP_TOOL_VERSION                      ; 13.0                                                     ; --            ; system_rsp_xbar_mux             ; --             ;
; IP_TOOL_VERSION                      ; 13.0                                                     ; --            ; system_rsp_xbar_mux_001         ; --             ;
; MAX_CORE_JUNCTION_TEMP               ; 85                                                       ; --            ; --                              ; --             ;
; MIN_CORE_JUNCTION_TEMP               ; 0                                                        ; --            ; --                              ; --             ;
; MISC_FILE                            ; system/synthesis/../../system.cmp                        ; --            ; --                              ; --             ;
; MISC_FILE                            ; system/synthesis/../../system.qsys                       ; --            ; --                              ; --             ;
; PARTITION_COLOR                      ; 16764057                                                 ; --            ; --                              ; Top            ;
; PARTITION_FITTER_PRESERVATION_LEVEL  ; PLACEMENT_AND_ROUTING                                    ; --            ; --                              ; Top            ;
; PARTITION_NETLIST_TYPE               ; SOURCE                                                   ; --            ; --                              ; Top            ;
; POWER_BOARD_THERMAL_MODEL            ; None (CONSERVATIVE)                                      ; --            ; --                              ; --             ;
; POWER_PRESET_COOLING_SOLUTION        ; 23 MM HEAT SINK WITH 200 LFPM AIRFLOW                    ; --            ; --                              ; --             ;
; PROJECT_OUTPUT_DIRECTORY             ; output_files                                             ; --            ; --                              ; --             ;
; SLD_INFO                             ; QSYS_NAME system HAS_SOPCINFO 1 GENERATION_ID 1747070087 ; --            ; system                          ; --             ;
; SOPCINFO_FILE                        ; system/synthesis/../../system.sopcinfo                   ; --            ; --                              ; --             ;
; SYNTHESIS_ONLY_QIP                   ; On                                                       ; --            ; --                              ; --             ;
+--------------------------------------+----------------------------------------------------------+---------------+---------------------------------+----------------+


+-------------------------------------------------------------------------------------------------------------------------------+
; Flow Elapsed Time                                                                                                             ;
+---------------------------+--------------+-------------------------+---------------------+------------------------------------+
; Module Name               ; Elapsed Time ; Average Processors Used ; Peak Virtual Memory ; Total CPU Time (on all processors) ;
+---------------------------+--------------+-------------------------+---------------------+------------------------------------+
; Analysis & Synthesis      ; 00:01:25     ; 1.0                     ; 4669 MB             ; 00:01:20                           ;
; Fitter                    ; 00:00:52     ; 3.6                     ; 5738 MB             ; 00:01:59                           ;
; Assembler                 ; 00:00:03     ; 1.0                     ; 4621 MB             ; 00:00:02                           ;
; TimeQuest Timing Analyzer ; 00:00:05     ; 1.0                     ; 4775 MB             ; 00:00:05                           ;
; EDA Netlist Writer        ; 00:00:07     ; 1.0                     ; 4666 MB             ; 00:00:07                           ;
; Total                     ; 00:02:32     ; --                      ; --                  ; 00:03:33                           ;
+---------------------------+--------------+-------------------------+---------------------+------------------------------------+


+----------------------------------------------------------------------------------------+
; Flow OS Summary                                                                        ;
+---------------------------+------------------+-----------+------------+----------------+
; Module Name               ; Machine Hostname ; OS Name   ; OS Version ; Processor type ;
+---------------------------+------------------+-----------+------------+----------------+
; Analysis & Synthesis      ; Admin-PC         ; Windows 7 ; 6.2        ; x86_64         ;
; Fitter                    ; Admin-PC         ; Windows 7 ; 6.2        ; x86_64         ;
; Assembler                 ; Admin-PC         ; Windows 7 ; 6.2        ; x86_64         ;
; TimeQuest Timing Analyzer ; Admin-PC         ; Windows 7 ; 6.2        ; x86_64         ;
; EDA Netlist Writer        ; Admin-PC         ; Windows 7 ; 6.2        ; x86_64         ;
+---------------------------+------------------+-----------+------------+----------------+


------------
; Flow Log ;
------------
quartus_map --read_settings_files=on --write_settings_files=off FP_Unit -c FP_Unit
quartus_fit --read_settings_files=off --write_settings_files=off FP_Unit -c FP_Unit
quartus_asm --read_settings_files=off --write_settings_files=off FP_Unit -c FP_Unit
quartus_sta FP_Unit -c FP_Unit
quartus_eda --read_settings_files=off --write_settings_files=off FP_Unit -c FP_Unit



